yiShuQiao/build/outputs/logs/manifest-merger-debug-report.txt
-- Merging decision tree log ---
manifest
ADDED from src\main\AndroidManifest.xml:2:1-589:12
	package
		ADDED from src\main\AndroidManifest.xml:4:5-28
		INJECTED from src\main\AndroidManifest.xml
		INJECTED from src\main\AndroidManifest.xml
	android:versionName
		ADDED from src\main\AndroidManifest.xml:6:5-32
		INJECTED from src\main\AndroidManifest.xml
		INJECTED from src\main\AndroidManifest.xml
	xmlns:tools
		ADDED from src\main\AndroidManifest.xml:3:5-51
	android:versionCode
		ADDED from src\main\AndroidManifest.xml:5:5-28
		INJECTED from src\main\AndroidManifest.xml
		INJECTED from src\main\AndroidManifest.xml
	xmlns:android
		ADDED from src\main\AndroidManifest.xml:2:11-69
uses-permission#android.permission.INTERNET
ADDED from src\main\AndroidManifest.xml:9:5-67
MERGED from [YiShuQiao:YunWangVideoSDK:unspecified] AndroidManifest.xml:22:5-67
	android:name
		ADDED from src\main\AndroidManifest.xml:9:22-64
uses-permission#android.permission.ACCESS_NETWORK_STATE
ADDED from src\main\AndroidManifest.xml:10:5-79
MERGED from [YiShuQiao:YunWangVideoSDK:unspecified] AndroidManifest.xml:23:5-79
	android:name
		ADDED from src\main\AndroidManifest.xml:10:22-76
uses-permission#android.permission.ACCESS_WIFI_STATE
ADDED from src\main\AndroidManifest.xml:11:5-76
	android:name
		ADDED from src\main\AndroidManifest.xml:11:22-73
uses-permission#android.permission.READ_PHONE_STATE
ADDED from src\main\AndroidManifest.xml:12:5-75
MERGED from [YiShuQiao:YunWangVideoSDK:unspecified] AndroidManifest.xml:15:5-75
	android:name
		ADDED from src\main\AndroidManifest.xml:12:22-72
uses-permission#android.permission.WRITE_EXTERNAL_STORAGE
ADDED from src\main\AndroidManifest.xml:13:5-81
MERGED from [YiShuQiao:YunWangVideoSDK:unspecified] AndroidManifest.xml:16:5-81
	android:name
		ADDED from src\main\AndroidManifest.xml:13:22-78
uses-permission#android.permission.READ_LOGS
ADDED from src\main\AndroidManifest.xml:16:5-68
	android:name
		ADDED from src\main\AndroidManifest.xml:16:22-65
uses-permission#android.permission.READ_EXTERNAL_STORAGE
ADDED from src\main\AndroidManifest.xml:21:5-80
MERGED from [YiShuQiao:YunWangVideoSDK:unspecified] AndroidManifest.xml:24:5-80
	android:name
		ADDED from src\main\AndroidManifest.xml:21:22-77
uses-permission#com.sxy.main.activity.permission.JPUSH_MESSAGE
ADDED from src\main\AndroidManifest.xml:23:5-86
	android:name
		ADDED from src\main\AndroidManifest.xml:23:22-83
uses-permission#android.permission.DOWNLOAD_WITHOUT_NOTIFICATION
ADDED from src\main\AndroidManifest.xml:24:5-88
	android:name
		ADDED from src\main\AndroidManifest.xml:24:22-85
uses-permission#android.permission.RECEIVE_USER_PRESENT
ADDED from src\main\AndroidManifest.xml:25:5-79
	android:name
		ADDED from src\main\AndroidManifest.xml:25:22-76
uses-permission#android.permission.CLEAR_APP_CACHE
ADDED from src\main\AndroidManifest.xml:26:5-74
	android:name
		ADDED from src\main\AndroidManifest.xml:26:22-71
uses-permission#android.permission.CALL_PHONE
ADDED from src\main\AndroidManifest.xml:28:5-69
	android:name
		ADDED from src\main\AndroidManifest.xml:28:22-66
uses-permission#android.permission.RECORD_AUDIO
ADDED from src\main\AndroidManifest.xml:29:5-71
MERGED from [YiShuQiao:YunWangVideoSDK:unspecified] AndroidManifest.xml:19:5-71
	android:name
		ADDED from src\main\AndroidManifest.xml:29:22-68
uses-permission#android.permission.CAMERA
ADDED from src\main\AndroidManifest.xml:30:5-65
MERGED from [YiShuQiao:YunWangVideoSDK:unspecified] AndroidManifest.xml:17:5-65
	android:name
		ADDED from src\main\AndroidManifest.xml:30:22-62
uses-permission#android.permission.MOUNT_UNMOUNT_FILESYSTEMS
ADDED from src\main\AndroidManifest.xml:33:5-84
	android:name
		ADDED from src\main\AndroidManifest.xml:33:22-81
uses-permission#android.permission.GET_TASKS
ADDED from src\main\AndroidManifest.xml:34:5-68
	android:name
		ADDED from src\main\AndroidManifest.xml:34:22-65
uses-permission#android.permission.CHANGE_WIFI_STATE
ADDED from src\main\AndroidManifest.xml:35:5-76
	android:name
		ADDED from src\main\AndroidManifest.xml:35:22-73
uses-permission#android.permission.WAKE_LOCK
ADDED from src\main\AndroidManifest.xml:36:5-68
MERGED from [YiShuQiao:YunWangVideoSDK:unspecified] AndroidManifest.xml:21:5-68
	android:name
		ADDED from src\main\AndroidManifest.xml:36:22-65
uses-permission#android.permission.MODIFY_AUDIO_SETTINGS
ADDED from src\main\AndroidManifest.xml:37:5-80
	android:name
		ADDED from src\main\AndroidManifest.xml:37:22-77
uses-permission#android.permission.RECEIVE_BOOT_COMPLETED
ADDED from src\main\AndroidManifest.xml:39:5-81
	android:name
		ADDED from src\main\AndroidManifest.xml:39:22-78
uses-permission#android.permission.GET_ACCOUNTS
ADDED from src\main\AndroidManifest.xml:40:5-71
	android:name
		ADDED from src\main\AndroidManifest.xml:40:22-68
uses-permission#android.permission.USE_CREDENTIALS
ADDED from src\main\AndroidManifest.xml:41:5-74
	android:name
		ADDED from src\main\AndroidManifest.xml:41:22-71
uses-permission#android.permission.MANAGE_ACCOUNTS
ADDED from src\main\AndroidManifest.xml:42:5-74
	android:name
		ADDED from src\main\AndroidManifest.xml:42:22-71
uses-permission#android.permission.AUTHENTICATE_ACCOUNTS
ADDED from src\main\AndroidManifest.xml:43:5-80
	android:name
		ADDED from src\main\AndroidManifest.xml:43:22-77
uses-permission#com.android.launcher.permission.READ_SETTINGS
ADDED from src\main\AndroidManifest.xml:44:5-85
	android:name
		ADDED from src\main\AndroidManifest.xml:44:22-82
uses-permission#android.permission.BROADCAST_STICKY
ADDED from src\main\AndroidManifest.xml:45:5-75
	android:name
		ADDED from src\main\AndroidManifest.xml:45:22-72
uses-permission#android.permission.WRITE_SETTINGS
ADDED from src\main\AndroidManifest.xml:46:5-73
	android:name
		ADDED from src\main\AndroidManifest.xml:46:22-70
uses-permission#android.permission.VIBRATE
ADDED from src\main\AndroidManifest.xml:51:5-66
	android:name
		ADDED from src\main\AndroidManifest.xml:51:22-63
uses-permission#android.permission.SYSTEM_ALERT_WINDOW
ADDED from src\main\AndroidManifest.xml:55:5-78
	android:name
		ADDED from src\main\AndroidManifest.xml:55:22-75
uses-permission#android.permission.CHANGE_NETWORK_STATE
ADDED from src\main\AndroidManifest.xml:57:5-79
	android:name
		ADDED from src\main\AndroidManifest.xml:57:22-76
uses-permission#android.permission.WRITE_INTERNAL_STORAGE
ADDED from src\main\AndroidManifest.xml:59:5-81
	android:name
		ADDED from src\main\AndroidManifest.xml:59:22-78
uses-permission#android.permission.READ_INTERNAL_STORAGE
ADDED from src\main\AndroidManifest.xml:61:5-80
	android:name
		ADDED from src\main\AndroidManifest.xml:61:22-77
permission#com.yishuqiao.permission.JPUSH_MESSAGE
ADDED from src\main\AndroidManifest.xml:64:5-66:47
	android:protectionLevel
		ADDED from src\main\AndroidManifest.xml:66:9-44
	android:name
		ADDED from src\main\AndroidManifest.xml:65:9-62
uses-permission#com.yishuqiao.permission.JPUSH_MESSAGE
ADDED from src\main\AndroidManifest.xml:68:5-78
	android:name
		ADDED from src\main\AndroidManifest.xml:68:22-75
application
ADDED from src\main\AndroidManifest.xml:110:5-587:19
MERGED from [org.xutils:xutils:3.5.0] AndroidManifest.xml:12:5-20
MERGED from [YiShuQiao:YunWangVideoSDK:unspecified] AndroidManifest.xml:26:5-100:19
MERGED from [com.android.support:appcompat-v7:23.3.0] AndroidManifest.xml:25:5-20
MERGED from [com.android.support:animated-vector-drawable:23.3.0] AndroidManifest.xml:7:5-20
MERGED from [com.android.support:support-vector-drawable:23.3.0] AndroidManifest.xml:7:5-20
MERGED from [com.android.support:support-v4:23.3.0] AndroidManifest.xml:22:5-20
MERGED from [com.linsea:universalvideoview:1.1.0] AndroidManifest.xml:11:5-12:19
	android:label
		ADDED from src\main\AndroidManifest.xml:114:9-41
	android:supportsRtl
		ADDED from src\main\AndroidManifest.xml:116:9-35
	android:allowBackup
		ADDED from src\main\AndroidManifest.xml:112:9-35
	android:icon
		ADDED from src\main\AndroidManifest.xml:113:9-45
	android:largeHeap
		ADDED from src\main\AndroidManifest.xml:115:9-33
	android:theme
		ADDED from src\main\AndroidManifest.xml:117:9-40
	tools:replace
		ADDED from src\main\AndroidManifest.xml:118:9-37
	android:name
		ADDED from src\main\AndroidManifest.xml:111:9-42
		REJECTED from [YiShuQiao:YunWangVideoSDK:unspecified] AndroidManifest.xml:27:9-58
activity#com.yishuqiao.activity.SplashActivity
ADDED from src\main\AndroidManifest.xml:119:9-123:50
	android:screenOrientation
		ADDED from src\main\AndroidManifest.xml:122:13-49
	android:label
		ADDED from src\main\AndroidManifest.xml:121:13-45
	android:theme
		ADDED from src\main\AndroidManifest.xml:123:13-47
	android:name
		ADDED from src\main\AndroidManifest.xml:120:13-65
activity#com.yishuqiao.activity.HomeActivity
ADDED from src\main\AndroidManifest.xml:124:9-129:50
	android:screenOrientation
		ADDED from src\main\AndroidManifest.xml:128:13-49
	android:label
		ADDED from src\main\AndroidManifest.xml:126:13-45
	android:launchMode
		ADDED from src\main\AndroidManifest.xml:127:13-44
	android:theme
		ADDED from src\main\AndroidManifest.xml:129:13-47
	android:name
		ADDED from src\main\AndroidManifest.xml:125:13-63
activity#com.sina.weibo.sdk.component.WeiboSdkBrowser
ADDED from src\main\AndroidManifest.xml:131:9-136:58
	android:exported
		ADDED from src\main\AndroidManifest.xml:134:13-37
	android:windowSoftInputMode
		ADDED from src\main\AndroidManifest.xml:136:13-55
	android:configChanges
		ADDED from src\main\AndroidManifest.xml:133:13-63
	android:theme
		ADDED from src\main\AndroidManifest.xml:135:13-47
	android:name
		ADDED from src\main\AndroidManifest.xml:132:13-72
activity#com.yishuqiao.activity.ImageBucketChooseActivity
ADDED from src\main\AndroidManifest.xml:137:9-141:50
	android:screenOrientation
		ADDED from src\main\AndroidManifest.xml:140:13-49
	android:label
		ADDED from src\main\AndroidManifest.xml:139:13-45
	android:theme
		ADDED from src\main\AndroidManifest.xml:141:13-47
	android:name
		ADDED from src\main\AndroidManifest.xml:138:13-76
activity#com.yishuqiao.activity.video.lib.JCFullScreenActivity
ADDED from src\main\AndroidManifest.xml:142:9-146:50
	android:screenOrientation
		ADDED from src\main\AndroidManifest.xml:145:13-50
	android:configChanges
		ADDED from src\main\AndroidManifest.xml:144:13-63
	android:theme
		ADDED from src\main\AndroidManifest.xml:146:13-47
	android:name
		ADDED from src\main\AndroidManifest.xml:143:13-81
activity#com.yishuqiao.activity.ImageDetailsActivity
ADDED from src\main\AndroidManifest.xml:147:9-151:50
	android:screenOrientation
		ADDED from src\main\AndroidManifest.xml:150:13-47
	android:label
		ADDED from src\main\AndroidManifest.xml:149:13-45
	android:theme
		ADDED from src\main\AndroidManifest.xml:151:13-47
	android:name
		ADDED from src\main\AndroidManifest.xml:148:13-71
activity#com.yishuqiao.activity.ImageChooseActivity
ADDED from src\main\AndroidManifest.xml:152:9-156:50
	android:screenOrientation
		ADDED from src\main\AndroidManifest.xml:155:13-49
	android:label
		ADDED from src\main\AndroidManifest.xml:154:13-45
	android:theme
		ADDED from src\main\AndroidManifest.xml:156:13-47
	android:name
		ADDED from src\main\AndroidManifest.xml:153:13-70
activity#com.yishuqiao.activity.PublishTextPopActivity
ADDED from src\main\AndroidManifest.xml:157:9-162:72
	android:screenOrientation
		ADDED from src\main\AndroidManifest.xml:160:13-49
	android:label
		ADDED from src\main\AndroidManifest.xml:159:13-45
	android:windowSoftInputMode
		ADDED from src\main\AndroidManifest.xml:162:13-69
	android:theme
		ADDED from src\main\AndroidManifest.xml:161:13-67
	android:name
		ADDED from src\main\AndroidManifest.xml:158:13-73
activity#com.yishuqiao.activity.PublishVideoPopActivity
ADDED from src\main\AndroidManifest.xml:163:9-168:72
	android:screenOrientation
		ADDED from src\main\AndroidManifest.xml:166:13-49
	android:label
		ADDED from src\main\AndroidManifest.xml:165:13-45
	android:windowSoftInputMode
		ADDED from src\main\AndroidManifest.xml:168:13-69
	android:theme
		ADDED from src\main\AndroidManifest.xml:167:13-67
	android:name
		ADDED from src\main\AndroidManifest.xml:164:13-74
activity#com.yishuqiao.activity.PublishTextActivity
ADDED from src\main\AndroidManifest.xml:169:9-173:50
	android:screenOrientation
		ADDED from src\main\AndroidManifest.xml:172:13-49
	android:label
		ADDED from src\main\AndroidManifest.xml:171:13-45
	android:theme
		ADDED from src\main\AndroidManifest.xml:173:13-47
	android:name
		ADDED from src\main\AndroidManifest.xml:170:13-70
activity#com.yishuqiao.activity.WebViewActivity
ADDED from src\main\AndroidManifest.xml:174:9-178:50
	android:screenOrientation
		ADDED from src\main\AndroidManifest.xml:177:13-49
	android:label
		ADDED from src\main\AndroidManifest.xml:176:13-45
	android:theme
		ADDED from src\main\AndroidManifest.xml:178:13-47
	android:name
		ADDED from src\main\AndroidManifest.xml:175:13-66
activity#com.yishuqiao.activity.CommentWebViewActivity
ADDED from src\main\AndroidManifest.xml:180:9-184:50
	android:screenOrientation
		ADDED from src\main\AndroidManifest.xml:183:13-49
	android:label
		ADDED from src\main\AndroidManifest.xml:182:13-45
	android:theme
		ADDED from src\main\AndroidManifest.xml:184:13-47
	android:name
		ADDED from src\main\AndroidManifest.xml:181:13-73
activity#com.yishuqiao.activity.CommentDetailActivity
ADDED from src\main\AndroidManifest.xml:186:9-191:72
	android:screenOrientation
		ADDED from src\main\AndroidManifest.xml:189:13-49
	android:label
		ADDED from src\main\AndroidManifest.xml:188:13-45
	android:windowSoftInputMode
		ADDED from src\main\AndroidManifest.xml:191:13-69
	android:theme
		ADDED from src\main\AndroidManifest.xml:190:13-67
	android:name
		ADDED from src\main\AndroidManifest.xml:187:13-72
activity#com.yishuqiao.activity.PreviewVideoActivity
ADDED from src\main\AndroidManifest.xml:192:9-196:50
	android:screenOrientation
		ADDED from src\main\AndroidManifest.xml:195:13-49
	android:label
		ADDED from src\main\AndroidManifest.xml:194:13-45
	android:theme
		ADDED from src\main\AndroidManifest.xml:196:13-47
	android:name
		ADDED from src\main\AndroidManifest.xml:193:13-71
activity#com.yishuqiao.activity.ImageZoomActivity
ADDED from src\main\AndroidManifest.xml:197:9-201:50
	android:screenOrientation
		ADDED from src\main\AndroidManifest.xml:200:13-49
	android:label
		ADDED from src\main\AndroidManifest.xml:199:13-45
	android:theme
		ADDED from src\main\AndroidManifest.xml:201:13-47
	android:name
		ADDED from src\main\AndroidManifest.xml:198:13-68
activity#com.yishuqiao.activity.PublishVideoActivity
ADDED from src\main\AndroidManifest.xml:202:9-206:50
	android:screenOrientation
		ADDED from src\main\AndroidManifest.xml:205:13-49
	android:label
		ADDED from src\main\AndroidManifest.xml:204:13-45
	android:theme
		ADDED from src\main\AndroidManifest.xml:206:13-47
	android:name
		ADDED from src\main\AndroidManifest.xml:203:13-71
activity#com.yishuqiao.activity.WelComeActivity
ADDED from src\main\AndroidManifest.xml:207:9-217:20
	android:screenOrientation
		ADDED from src\main\AndroidManifest.xml:210:13-49
	android:label
		ADDED from src\main\AndroidManifest.xml:209:13-45
	android:theme
		ADDED from src\main\AndroidManifest.xml:211:13-47
	android:name
		ADDED from src\main\AndroidManifest.xml:208:13-66
intent-filter#android.intent.action.MAIN+android.intent.category.LAUNCHER
ADDED from src\main\AndroidManifest.xml:212:13-216:29
action#android.intent.action.MAIN
ADDED from src\main\AndroidManifest.xml:213:17-69
	android:name
		ADDED from src\main\AndroidManifest.xml:213:25-66
category#android.intent.category.LAUNCHER
ADDED from src\main\AndroidManifest.xml:215:17-77
	android:name
		ADDED from src\main\AndroidManifest.xml:215:27-74
activity#com.yishuqiao.activity.adsplash.AdSplashActivity
ADDED from src\main\AndroidManifest.xml:219:9-223:50
	android:screenOrientation
		ADDED from src\main\AndroidManifest.xml:222:13-49
	android:label
		ADDED from src\main\AndroidManifest.xml:221:13-45
	android:theme
		ADDED from src\main\AndroidManifest.xml:223:13-47
	android:name
		ADDED from src\main\AndroidManifest.xml:220:13-76
activity#com.yishuqiao.activity.mine.SystemSettingActivity
ADDED from src\main\AndroidManifest.xml:225:9-229:50
	android:screenOrientation
		ADDED from src\main\AndroidManifest.xml:228:13-49
	android:label
		ADDED from src\main\AndroidManifest.xml:227:13-45
	android:theme
		ADDED from src\main\AndroidManifest.xml:229:13-47
	android:name
		ADDED from src\main\AndroidManifest.xml:226:13-77
activity#com.yishuqiao.activity.mine.MessageCenterActivity
ADDED from src\main\AndroidManifest.xml:231:9-235:50
	android:screenOrientation
		ADDED from src\main\AndroidManifest.xml:234:13-49
	android:label
		ADDED from src\main\AndroidManifest.xml:233:13-45
	android:theme
		ADDED from src\main\AndroidManifest.xml:235:13-47
	android:name
		ADDED from src\main\AndroidManifest.xml:232:13-77
activity#com.yishuqiao.activity.mine.MyIntegralActivity
ADDED from src\main\AndroidManifest.xml:237:9-241:50
	android:screenOrientation
		ADDED from src\main\AndroidManifest.xml:240:13-49
	android:label
		ADDED from src\main\AndroidManifest.xml:239:13-45
	android:theme
		ADDED from src\main\AndroidManifest.xml:241:13-47
	android:name
		ADDED from src\main\AndroidManifest.xml:238:13-74
activity#com.yishuqiao.activity.mine.MyFansActivity
ADDED from src\main\AndroidManifest.xml:243:9-247:50
	android:screenOrientation
		ADDED from src\main\AndroidManifest.xml:246:13-49
	android:label
		ADDED from src\main\AndroidManifest.xml:245:13-45
	android:theme
		ADDED from src\main\AndroidManifest.xml:247:13-47
	android:name
		ADDED from src\main\AndroidManifest.xml:244:13-70
activity#com.yishuqiao.activity.mine.MyAttentionActivity
ADDED from src\main\AndroidManifest.xml:249:9-253:50
	android:screenOrientation
		ADDED from src\main\AndroidManifest.xml:252:13-49
	android:label
		ADDED from src\main\AndroidManifest.xml:251:13-45
	android:theme
		ADDED from src\main\AndroidManifest.xml:253:13-47
	android:name
		ADDED from src\main\AndroidManifest.xml:250:13-75
activity#com.yishuqiao.activity.mine.MyPublishedActivity
ADDED from src\main\AndroidManifest.xml:255:9-259:50
	android:screenOrientation
		ADDED from src\main\AndroidManifest.xml:258:13-49
	android:label
		ADDED from src\main\AndroidManifest.xml:257:13-45
	android:theme
		ADDED from src\main\AndroidManifest.xml:259:13-47
	android:name
		ADDED from src\main\AndroidManifest.xml:256:13-75
activity#com.yishuqiao.activity.mine.FavoriteActivity
ADDED from src\main\AndroidManifest.xml:261:9-265:50
	android:screenOrientation
		ADDED from src\main\AndroidManifest.xml:264:13-49
	android:label
		ADDED from src\main\AndroidManifest.xml:263:13-45
	android:theme
		ADDED from src\main\AndroidManifest.xml:265:13-47
	android:name
		ADDED from src\main\AndroidManifest.xml:262:13-72
activity#com.yishuqiao.activity.mine.MyFollowWorksActivity
ADDED from src\main\AndroidManifest.xml:267:9-271:50
	android:screenOrientation
		ADDED from src\main\AndroidManifest.xml:270:13-49
	android:label
		ADDED from src\main\AndroidManifest.xml:269:13-45
	android:theme
		ADDED from src\main\AndroidManifest.xml:271:13-47
	android:name
		ADDED from src\main\AndroidManifest.xml:268:13-77
activity#com.yishuqiao.activity.mine.MyFollowGalleryActivity
ADDED from src\main\AndroidManifest.xml:273:9-277:50
	android:screenOrientation
		ADDED from src\main\AndroidManifest.xml:276:13-49
	android:label
		ADDED from src\main\AndroidManifest.xml:275:13-45
	android:theme
		ADDED from src\main\AndroidManifest.xml:277:13-47
	android:name
		ADDED from src\main\AndroidManifest.xml:274:13-79
activity#com.yishuqiao.activity.mine.FeedbackActivity
ADDED from src\main\AndroidManifest.xml:279:9-283:50
	android:screenOrientation
		ADDED from src\main\AndroidManifest.xml:282:13-49
	android:label
		ADDED from src\main\AndroidManifest.xml:281:13-45
	android:theme
		ADDED from src\main\AndroidManifest.xml:283:13-47
	android:name
		ADDED from src\main\AndroidManifest.xml:280:13-72
activity#com.yishuqiao.activity.mine.BusinessActivity
ADDED from src\main\AndroidManifest.xml:285:9-289:50
	android:screenOrientation
		ADDED from src\main\AndroidManifest.xml:288:13-49
	android:label
		ADDED from src\main\AndroidManifest.xml:287:13-45
	android:theme
		ADDED from src\main\AndroidManifest.xml:289:13-47
	android:name
		ADDED from src\main\AndroidManifest.xml:286:13-72
activity#com.yishuqiao.activity.mine.AboutUsActivity
ADDED from src\main\AndroidManifest.xml:291:9-295:50
	android:screenOrientation
		ADDED from src\main\AndroidManifest.xml:294:13-49
	android:label
		ADDED from src\main\AndroidManifest.xml:293:13-45
	android:theme
		ADDED from src\main\AndroidManifest.xml:295:13-47
	android:name
		ADDED from src\main\AndroidManifest.xml:292:13-71
activity#com.yishuqiao.activity.mine.LoginActivity
ADDED from src\main\AndroidManifest.xml:297:9-301:50
	android:screenOrientation
		ADDED from src\main\AndroidManifest.xml:300:13-49
	android:label
		ADDED from src\main\AndroidManifest.xml:299:13-45
	android:theme
		ADDED from src\main\AndroidManifest.xml:301:13-47
	android:name
		ADDED from src\main\AndroidManifest.xml:298:13-69
activity#com.yishuqiao.activity.mine.PersonalInfoActivity
ADDED from src\main\AndroidManifest.xml:303:9-307:50
	android:screenOrientation
		ADDED from src\main\AndroidManifest.xml:306:13-49
	android:label
		ADDED from src\main\AndroidManifest.xml:305:13-45
	android:theme
		ADDED from src\main\AndroidManifest.xml:307:13-47
	android:name
		ADDED from src\main\AndroidManifest.xml:304:13-76
activity#com.yishuqiao.activity.mine.ModifyAvatarPopActivity
ADDED from src\main\AndroidManifest.xml:309:9-314:72
	android:screenOrientation
		ADDED from src\main\AndroidManifest.xml:312:13-49
	android:label
		ADDED from src\main\AndroidManifest.xml:311:13-45
	android:windowSoftInputMode
		ADDED from src\main\AndroidManifest.xml:314:13-69
	android:theme
		ADDED from src\main\AndroidManifest.xml:313:13-67
	android:name
		ADDED from src\main\AndroidManifest.xml:310:13-79
activity#com.yishuqiao.activity.mine.ModifyGenderPopActivity
ADDED from src\main\AndroidManifest.xml:316:9-321:72
	android:screenOrientation
		ADDED from src\main\AndroidManifest.xml:319:13-49
	android:label
		ADDED from src\main\AndroidManifest.xml:318:13-45
	android:windowSoftInputMode
		ADDED from src\main\AndroidManifest.xml:321:13-69
	android:theme
		ADDED from src\main\AndroidManifest.xml:320:13-67
	android:name
		ADDED from src\main\AndroidManifest.xml:317:13-79
activity#com.yishuqiao.activity.mine.ModifyPhoneActivity
ADDED from src\main\AndroidManifest.xml:323:9-327:50
	android:screenOrientation
		ADDED from src\main\AndroidManifest.xml:326:13-49
	android:label
		ADDED from src\main\AndroidManifest.xml:325:13-45
	android:theme
		ADDED from src\main\AndroidManifest.xml:327:13-47
	android:name
		ADDED from src\main\AndroidManifest.xml:324:13-75
activity#com.yishuqiao.activity.mine.SignInActivity
ADDED from src\main\AndroidManifest.xml:329:9-333:50
	android:screenOrientation
		ADDED from src\main\AndroidManifest.xml:332:13-49
	android:label
		ADDED from src\main\AndroidManifest.xml:331:13-45
	android:theme
		ADDED from src\main\AndroidManifest.xml:333:13-47
	android:name
		ADDED from src\main\AndroidManifest.xml:330:13-70
activity#com.yishuqiao.activity.SearchActivity
ADDED from src\main\AndroidManifest.xml:335:9-340:55
	android:screenOrientation
		ADDED from src\main\AndroidManifest.xml:338:13-49
	android:label
		ADDED from src\main\AndroidManifest.xml:337:13-45
	android:windowSoftInputMode
		ADDED from src\main\AndroidManifest.xml:340:13-52
	android:theme
		ADDED from src\main\AndroidManifest.xml:339:13-47
	android:name
		ADDED from src\main\AndroidManifest.xml:336:13-65
activity#com.yishuqiao.activity.mine.ResetpasswordActivity
ADDED from src\main\AndroidManifest.xml:342:9-346:50
	android:screenOrientation
		ADDED from src\main\AndroidManifest.xml:345:13-49
	android:label
		ADDED from src\main\AndroidManifest.xml:344:13-45
	android:theme
		ADDED from src\main\AndroidManifest.xml:346:13-47
	android:name
		ADDED from src\main\AndroidManifest.xml:343:13-77
activity#com.yishuqiao.activity.yiyuan.WriterDetailsActivity
ADDED from src\main\AndroidManifest.xml:348:9-352:50
	android:screenOrientation
		ADDED from src\main\AndroidManifest.xml:351:13-49
	android:label
		ADDED from src\main\AndroidManifest.xml:350:13-45
	android:theme
		ADDED from src\main\AndroidManifest.xml:352:13-47
	android:name
		ADDED from src\main\AndroidManifest.xml:349:13-79
activity#com.yishuqiao.activity.yiyuan.WorkDetailsActivity
ADDED from src\main\AndroidManifest.xml:354:9-358:50
	android:screenOrientation
		ADDED from src\main\AndroidManifest.xml:357:13-49
	android:label
		ADDED from src\main\AndroidManifest.xml:356:13-45
	android:theme
		ADDED from src\main\AndroidManifest.xml:358:13-47
	android:name
		ADDED from src\main\AndroidManifest.xml:355:13-77
activity#com.yishuqiao.activity.ViewPagerActivity
ADDED from src\main\AndroidManifest.xml:360:9-364:50
	android:screenOrientation
		ADDED from src\main\AndroidManifest.xml:363:13-49
	android:label
		ADDED from src\main\AndroidManifest.xml:362:13-45
	android:theme
		ADDED from src\main\AndroidManifest.xml:364:13-47
	android:name
		ADDED from src\main\AndroidManifest.xml:361:13-68
activity#com.yishuqiao.activity.discover.DiscoverDetailsActivity
ADDED from src\main\AndroidManifest.xml:366:9-372:47
	android:screenOrientation
		ADDED from src\main\AndroidManifest.xml:370:13-49
	android:label
		ADDED from src\main\AndroidManifest.xml:369:13-45
	android:windowActionBar
		ADDED from src\main\AndroidManifest.xml:372:13-44
	android:configChanges
		ADDED from src\main\AndroidManifest.xml:368:13-74
	android:theme
		ADDED from src\main\AndroidManifest.xml:371:13-47
	android:name
		ADDED from src\main\AndroidManifest.xml:367:13-83
activity#com.yishuqiao.activity.UpDateActivity
ADDED from src\main\AndroidManifest.xml:374:9-378:70
	android:screenOrientation
		ADDED from src\main\AndroidManifest.xml:377:13-49
	android:label
		ADDED from src\main\AndroidManifest.xml:376:13-45
	android:theme
		ADDED from src\main\AndroidManifest.xml:378:13-67
	android:name
		ADDED from src\main\AndroidManifest.xml:375:13-65
activity#com.yishuqiao.activity.ShareActivity
ADDED from src\main\AndroidManifest.xml:380:9-391:20
	android:screenOrientation
		ADDED from src\main\AndroidManifest.xml:383:13-49
	android:label
		ADDED from src\main\AndroidManifest.xml:382:13-45
	android:windowSoftInputMode
		ADDED from src\main\AndroidManifest.xml:385:13-69
	android:theme
		ADDED from src\main\AndroidManifest.xml:384:13-67
	android:name
		ADDED from src\main\AndroidManifest.xml:381:13-64
intent-filter#android.intent.category.DEFAULT+com.sina.weibo.sdk.action.ACTION_SDK_REQ_ACTIVITY
ADDED from src\main\AndroidManifest.xml:386:13-390:29
action#com.sina.weibo.sdk.action.ACTION_SDK_REQ_ACTIVITY
ADDED from src\main\AndroidManifest.xml:387:17-92
	android:name
		ADDED from src\main\AndroidManifest.xml:387:25-89
category#android.intent.category.DEFAULT
ADDED from src\main\AndroidManifest.xml:389:17-76
	android:name
		ADDED from src\main\AndroidManifest.xml:389:27-73
activity#com.yishuqiao.activity.discover.SendCommentActivity
ADDED from src\main\AndroidManifest.xml:393:9-399:72
	android:screenOrientation
		ADDED from src\main\AndroidManifest.xml:397:13-49
	android:label
		ADDED from src\main\AndroidManifest.xml:396:13-45
	android:windowSoftInputMode
		ADDED from src\main\AndroidManifest.xml:399:13-69
	android:theme
		ADDED from src\main\AndroidManifest.xml:398:13-67
	android:name
		ADDED from src\main\AndroidManifest.xml:395:13-79
activity#com.yishuqiao.activity.discover.VideoListActivity
ADDED from src\main\AndroidManifest.xml:401:9-405:50
	android:screenOrientation
		ADDED from src\main\AndroidManifest.xml:404:13-49
	android:label
		ADDED from src\main\AndroidManifest.xml:403:13-45
	android:theme
		ADDED from src\main\AndroidManifest.xml:405:13-47
	android:name
		ADDED from src\main\AndroidManifest.xml:402:13-77
activity#com.yishuqiao.activity.discover.WriterPersonalCenterActivity
ADDED from src\main\AndroidManifest.xml:407:9-411:50
	android:screenOrientation
		ADDED from src\main\AndroidManifest.xml:410:13-49
	android:label
		ADDED from src\main\AndroidManifest.xml:409:13-45
	android:theme
		ADDED from src\main\AndroidManifest.xml:411:13-47
	android:name
		ADDED from src\main\AndroidManifest.xml:408:13-88
activity#com.yishuqiao.video.YWRecordVideoActivity
ADDED from src\main\AndroidManifest.xml:412:9-416:50
	android:screenOrientation
		ADDED from src\main\AndroidManifest.xml:415:13-49
	android:label
		ADDED from src\main\AndroidManifest.xml:414:13-45
	android:theme
		ADDED from src\main\AndroidManifest.xml:416:13-47
	android:name
		ADDED from src\main\AndroidManifest.xml:413:13-56
activity#com.yishuqiao.video.EditVideoActivity
ADDED from src\main\AndroidManifest.xml:418:9-422:50
	android:screenOrientation
		ADDED from src\main\AndroidManifest.xml:421:13-49
	android:label
		ADDED from src\main\AndroidManifest.xml:420:13-45
	android:theme
		ADDED from src\main\AndroidManifest.xml:422:13-47
	android:name
		ADDED from src\main\AndroidManifest.xml:419:13-52
activity#com.yishuqiao.video.WidthMatchVideo
ADDED from src\main\AndroidManifest.xml:424:9-428:50
	android:screenOrientation
		ADDED from src\main\AndroidManifest.xml:427:13-49
	android:label
		ADDED from src\main\AndroidManifest.xml:426:13-45
	android:theme
		ADDED from src\main\AndroidManifest.xml:428:13-47
	android:name
		ADDED from src\main\AndroidManifest.xml:425:13-50
activity#com.yishuqiao.activity.video.VideoPlayActivity
ADDED from src\main\AndroidManifest.xml:430:9-438:20
	android:screenOrientation
		ADDED from src\main\AndroidManifest.xml:434:13-49
	android:label
		ADDED from src\main\AndroidManifest.xml:433:13-45
	android:windowActionBar
		ADDED from src\main\AndroidManifest.xml:436:13-44
	android:configChanges
		ADDED from src\main\AndroidManifest.xml:432:13-74
	android:theme
		ADDED from src\main\AndroidManifest.xml:435:13-47